TN:
SF:src\middleware\auth.ts
FN:4,(anonymous_1)
FN:18,(anonymous_2)
FN:40,(anonymous_3)
FN:41,(anonymous_4)
FNF:4
FNH:3
FNDA:0,(anonymous_1)
FNDA:1,(anonymous_2)
FNDA:1,(anonymous_3)
FNDA:1,(anonymous_4)
DA:2,1
DA:4,1
DA:5,0
DA:6,0
DA:7,0
DA:9,0
DA:12,1
DA:18,1
DA:19,1
DA:20,1
DA:22,1
DA:23,1
DA:26,0
DA:27,0
DA:28,0
DA:29,0
DA:32,0
DA:33,0
DA:35,0
DA:40,1
DA:41,1
DA:42,1
DA:43,0
DA:44,0
DA:47,1
DA:48,1
DA:49,1
DA:52,0
LF:28
LH:14
BRDA:5,0,0,0
BRDA:5,0,1,0
BRDA:6,1,0,0
BRDA:6,2,0,0
BRDA:6,2,1,0
BRDA:22,3,0,1
BRDA:28,4,0,0
BRDA:42,5,0,0
BRDA:47,6,0,1
BRF:9
BRH:2
end_of_record
TN:
SF:src\middleware\errorHandler.ts
FN:4,(anonymous_0)
FN:23,(anonymous_1)
FNF:2
FNH:2
FNDA:4,(anonymous_0)
FNDA:1,(anonymous_1)
DA:2,1
DA:4,1
DA:10,4
DA:13,4
DA:14,1
DA:20,3
DA:21,1
DA:23,1
DA:28,2
DA:29,1
DA:36,1
DA:37,0
DA:40,1
DA:41,0
DA:45,1
LF:15
LH:13
BRDA:10,0,0,4
BRDA:10,0,1,0
BRDA:13,1,0,1
BRDA:20,2,0,1
BRDA:28,3,0,1
BRDA:36,4,0,0
BRDA:40,5,0,0
BRDA:47,6,0,1
BRDA:47,6,1,0
BRF:9
BRH:5
end_of_record
TN:
SF:src\utils\AppError.ts
FN:5,(anonymous_0)
FNF:1
FNH:1
FNDA:1,(anonymous_0)
DA:1,1
DA:6,1
DA:7,1
DA:8,1
DA:9,1
DA:13,1
LF:6
LH:6
BRDA:5,0,0,0
BRDA:5,1,0,1
BRF:2
BRH:1
end_of_record
